{:bins 16 :cliffs 0.147 :file ../etc/data/auto93.csv :Far 0.95 :go all :help False :Halves 512 :min 0.5 :Max 512 :p 2 :rest 4 :Reuse True :seed 937162211}
✅ pass: the
✅ pass: rand
dict_values([63, 204, 325, 395, 1169, 1524, 1700, 1790, 1956, 2889, 2958, 3394, 3494, 3886, 5389, 5759, 5825, 6001, 6452, 6514, 6651, 6750, 6910, 7087, 7935, 9012, 9165, 9195, 9381, 9408, 9668, 9713])
✅ pass: some
a 1.38
✅ pass: syms
1  0.5   0.32
2  0.26   0.32
✅ pass: nums
✅ pass: csv
3 8 4 1.5503875968992247
{:Acc+ 15.5 :Lbs- 2807.0 :Mpg+ 20.0 :N 398}
✅ pass: data
{:Acc+ 15.5 :Lbs- 2807.0 :Mpg+ 20.0 :N 398}
{:Acc+ 15.5 :Lbs- 2807.0 :Mpg+ 20.0 :N 398}
✅ pass: clone
> 1.0  False
> 1.02  False
> 1.05  False
> 1.08  False
> 1.1  False
> 1.13  True
✅ pass: cliffs
{:lo 0.0 :hi 0.8746495688429434 :mid 0.55 :div 0.26}
✅ pass: dist
199   199
l   {:Acc+ 14.5 :Lbs- 3574.0 :Mpg+ 20.0 :N 199}
r   {:Acc+ 16.2 :Lbs- 2230.0 :Mpg+ 30.0 :N 199}
✅ pass: half
[398]  {:Acc+ 15.5 :Lbs- 2807.0 :Mpg+ 20.0 :N 398}
| [199]  
| | [100]  
| | | [50]  
| | | | [25]  {:Acc+ 16.0 :Lbs- 3781.0 :Mpg+ 20.0 :N 25}
| | | | [25]  {:Acc+ 13.5 :Lbs- 4098.0 :Mpg+ 10.0 :N 25}
| | | [50]  
| | | | [25]  {:Acc+ 13.0 :Lbs- 4209.0 :Mpg+ 10.0 :N 25}
| | | | [25]  {:Acc+ 11.1 :Lbs- 4425.0 :Mpg+ 10.0 :N 25}
| | [99]  
| | | [50]  
| | | | [25]  {:Acc+ 15.1 :Lbs- 3410.0 :Mpg+ 20.0 :N 25}
| | | | [25]  {:Acc+ 16.0 :Lbs- 3282.0 :Mpg+ 20.0 :N 25}
| | | [49]  
| | | | [25]  {:Acc+ 16.0 :Lbs- 2807.0 :Mpg+ 20.0 :N 25}
| | | | [24]  {:Acc+ 15.8 :Lbs- 3060.0 :Mpg+ 20.0 :N 24}
| [199]  
| | [100]  
| | | [50]  
| | | | [25]  {:Acc+ 16.4 :Lbs- 2900.0 :Mpg+ 30.0 :N 25}
| | | | [25]  {:Acc+ 15.8 :Lbs- 2720.0 :Mpg+ 30.0 :N 25}
| | | [50]  
| | | | [25]  {:Acc+ 15.0 :Lbs- 2451.0 :Mpg+ 30.0 :N 25}
| | | | [25]  {:Acc+ 15.3 :Lbs- 2405.0 :Mpg+ 30.0 :N 25}
| | [99]  
| | | [50]  
| | | | [25]  {:Acc+ 15.8 :Lbs- 2051.0 :Mpg+ 30.0 :N 25}
| | | | [25]  {:Acc+ 16.9 :Lbs- 2025.0 :Mpg+ 40.0 :N 25}
| | | [49]  
| | | | [25]  {:Acc+ 16.5 :Lbs- 2070.0 :Mpg+ 30.0 :N 25}
| | | | [24]  {:Acc+ 18.0 :Lbs- 2046.0 :Mpg+ 30.0 :N 24}
✅ pass: tree

all    {:Acc+ 15.5 :Lbs- 2807.0 :Mpg+ 20.0 :N 398}
       {:Acc+ 2.71 :Lbs- 888.76 :Mpg+ 7.75 :N 398}

best    {:Acc+ 17.0 :Lbs- 3432.0 :Mpg+ 20.0 :N 13}
       {:Acc+ 2.13 :Lbs- 286.43 :Mpg+ 0.0 :N 13}

rest    {:Acc+ 15.5 :Lbs- 2945.0 :Mpg+ 20.0 :N 52}
       {:Acc+ 2.48 :Lbs- 829.46 :Mpg+ 7.75 :N 52}

all != best?   {:0 (True, 'Lbs-') :1 (True, 'Acc+') :2 (True, 'Mpg+')}
best != rest?   {:0 (True, 'Lbs-') :1 (True, 'Acc+') :2 (True, 'Mpg+')}
✅ pass: sway
all     {:best 13 :rest 52}
  
Clndrs  -inf  3  0.08  {:best 1}
Clndrs  3  4  0.06  {:best 3 :rest 31}
Clndrs  4  5  0.08  {:best 1}
Clndrs  5  6  0.45  {:best 8 :rest 12}
Clndrs  6  inf  0.0  {:rest 9}
  
Volume  -inf  90  0.02  {:best 1 :rest 10}
Volume  90  112  0.0  {:rest 14}
Volume  112  140  0.22  {:best 4 :rest 6}
Volume  140  200  0.12  {:best 2 :rest 2}
Volume  200  232  0.23  {:best 4 :rest 5}
Volume  232  inf  0.0  {:rest 3}
  
Model  -inf  75  0.0  {:rest 1}
Model  75  77  0.02  {:best 1 :rest 9}
Model  77  78  0.3  {:best 5 :rest 6}
Model  78  79  0.1  {:best 2 :rest 4}
Model  79  81  0.2  {:best 4 :rest 9}
Model  81  inf  0.03  {:best 1 :rest 5}
  
origin  1  1  0.26  {:best 7 :rest 30}
origin  2  2  0.2  {:best 4 :rest 9}
origin  3  3  0.06  {:best 2 :rest 13}
✅ pass: bins
